SFC/app/build/intermediates/manifest_merge_blame_file/debug/processDebugMainManifest/manifest-merger-blame-debug-report.txt
1<?xml version="1.0" encoding="utf-8"?>
2<manifest xmlns:android="http://schemas.android.com/apk/res/android"
3    package="com.sf.sfc"
4    android:versionCode="1"
5    android:versionName="1.0" >
6
7    <uses-sdk
8        android:minSdkVersion="26"
9        android:targetSdkVersion="35" />
10
11    <uses-permission android:name="android.permission.ACCESS_NETWORK_STATE" />
11-->src\main\AndroidManifest.xml:3:5-79
11-->src\main\AndroidManifest.xml:3:22-76
12    <uses-permission android:name="android.permission.INTERNET" />
12-->src\main\AndroidManifest.xml:4:5-67
12-->src\main\AndroidManifest.xml:4:22-64
13    <uses-permission android:name="android.permission.ACCESS_WIFI_STATE" />
13-->src\main\AndroidManifest.xml:5:5-76
13-->src\main\AndroidManifest.xml:5:22-73
14    <uses-permission android:name="android.permission.ACCESS_FINE_LOCATION" />
14-->src\main\AndroidManifest.xml:6:5-79
14-->src\main\AndroidManifest.xml:6:22-76
15    <uses-permission
15-->src\main\AndroidManifest.xml:7:5-95
16        android:name="android.permission.BLUETOOTH"
16-->src\main\AndroidManifest.xml:7:22-65
17        android:maxSdkVersion="30" />
17-->src\main\AndroidManifest.xml:7:66-92
18    <uses-permission
18-->src\main\AndroidManifest.xml:8:5-101
19        android:name="android.permission.BLUETOOTH_ADMIN"
19-->src\main\AndroidManifest.xml:8:22-71
20        android:maxSdkVersion="30" />
20-->src\main\AndroidManifest.xml:8:72-98
21    <uses-permission android:name="android.permission.BLUETOOTH_SCAN" />
21-->src\main\AndroidManifest.xml:9:5-73
21-->src\main\AndroidManifest.xml:9:22-70
22    <uses-permission android:name="android.permission.BLUETOOTH_CONNECT" />
22-->src\main\AndroidManifest.xml:10:5-76
22-->src\main\AndroidManifest.xml:10:22-73
23
24    <uses-feature
24-->src\main\AndroidManifest.xml:12:5-90
25        android:name="android.hardware.bluetooth_le"
25-->src\main\AndroidManifest.xml:12:19-63
26        android:required="true" />
26-->src\main\AndroidManifest.xml:12:64-87
27
28    <application
28-->src\main\AndroidManifest.xml:14:5-31:19
29        android:allowBackup="true"
29-->src\main\AndroidManifest.xml:15:9-35
30        android:debuggable="true"
31        android:extractNativeLibs="false"
32        android:icon="@drawable/ic_safe_finder"
32-->src\main\AndroidManifest.xml:16:9-48
33        android:label="@string/app_name"
33-->src\main\AndroidManifest.xml:17:9-41
34        android:theme="@style/AppTheme" >
34-->src\main\AndroidManifest.xml:18:9-40
35        <service
35-->src\main\AndroidManifest.xml:19:9-21:40
36            android:name="com.sf.sfc.SfcBleMonitorService"
36-->src\main\AndroidManifest.xml:20:13-49
37            android:exported="false" />
37-->src\main\AndroidManifest.xml:21:13-37
38
39        <activity
39-->src\main\AndroidManifest.xml:22:9-30:20
40            android:name="com.sf.sfc.MainActivity"
40-->src\main\AndroidManifest.xml:23:13-41
41            android:exported="true"
41-->src\main\AndroidManifest.xml:24:13-36
42            android:screenOrientation="portrait" >
42-->src\main\AndroidManifest.xml:25:13-49
43            <intent-filter>
43-->src\main\AndroidManifest.xml:26:13-29:29
44                <action android:name="android.intent.action.MAIN" />
44-->src\main\AndroidManifest.xml:27:17-69
44-->src\main\AndroidManifest.xml:27:25-66
45
46                <category android:name="android.intent.category.LAUNCHER" />
46-->src\main\AndroidManifest.xml:28:17-77
46-->src\main\AndroidManifest.xml:28:27-74
47            </intent-filter>
48        </activity>
49    </application>
50
51</manifest>